{"/Users/rvzadrian/Documents/BNI Bootcamp/W3/backend-ex-w3/controllers/ProductControllers.js": {"path":"/Users/rvzadrian/Documents/BNI Bootcamp/W3/backend-ex-w3/controllers/ProductControllers.js","statementMap":{"0":{"start":{"line":1,"column":20},"end":{"line":1,"column":40}},"1":{"start":{"line":5,"column":4},"end":{"line":13,"column":5}},"2":{"start":{"line":6,"column":23},"end":{"line":9,"column":8}},"3":{"start":{"line":10,"column":6},"end":{"line":10,"column":47}},"4":{"start":{"line":12,"column":6},"end":{"line":12,"column":34}},"5":{"start":{"line":19,"column":4},"end":{"line":53,"column":5}},"6":{"start":{"line":20,"column":29},"end":{"line":20,"column":37}},"7":{"start":{"line":23,"column":6},"end":{"line":28,"column":7}},"8":{"start":{"line":24,"column":8},"end":{"line":27,"column":10}},"9":{"start":{"line":31,"column":20},"end":{"line":31,"column":62}},"10":{"start":{"line":33,"column":6},"end":{"line":35,"column":7}},"11":{"start":{"line":34,"column":8},"end":{"line":34,"column":69}},"12":{"start":{"line":38,"column":25},"end":{"line":41,"column":8}},"13":{"start":{"line":43,"column":6},"end":{"line":49,"column":9}},"14":{"start":{"line":52,"column":6},"end":{"line":52,"column":18}},"15":{"start":{"line":57,"column":0},"end":{"line":57,"column":36}}},"fnMap":{"0":{"name":"(anonymous_0)","decl":{"start":{"line":4,"column":2},"end":{"line":4,"column":3}},"loc":{"start":{"line":4,"column":39},"end":{"line":14,"column":3}},"line":4},"1":{"name":"(anonymous_1)","decl":{"start":{"line":16,"column":2},"end":{"line":16,"column":3}},"loc":{"start":{"line":16,"column":42},"end":{"line":54,"column":3}},"line":16}},"branchMap":{"0":{"loc":{"start":{"line":23,"column":6},"end":{"line":28,"column":7}},"type":"if","locations":[{"start":{"line":23,"column":6},"end":{"line":28,"column":7}},{"start":{},"end":{}}],"line":23},"1":{"loc":{"start":{"line":23,"column":10},"end":{"line":23,"column":25}},"type":"binary-expr","locations":[{"start":{"line":23,"column":10},"end":{"line":23,"column":15}},{"start":{"line":23,"column":19},"end":{"line":23,"column":25}}],"line":23},"2":{"loc":{"start":{"line":33,"column":6},"end":{"line":35,"column":7}},"type":"if","locations":[{"start":{"line":33,"column":6},"end":{"line":35,"column":7}},{"start":{},"end":{}}],"line":33}},"s":{"0":1,"1":2,"2":2,"3":1,"4":1,"5":3,"6":3,"7":3,"8":1,"9":2,"10":2,"11":1,"12":1,"13":1,"14":2,"15":1},"f":{"0":2,"1":3},"b":{"0":[1,2],"1":[3,2],"2":[1,1]},"_coverageSchema":"1a1c01bbd47fc00a2c39e90264f33305004495a9","hash":"8d3bb36403af20b460d07bb55aa6579a5becf5a4"}
,"/Users/rvzadrian/Documents/BNI Bootcamp/W3/backend-ex-w3/controllers/PurchaseConrollers.js": {"path":"/Users/rvzadrian/Documents/BNI Bootcamp/W3/backend-ex-w3/controllers/PurchaseConrollers.js","statementMap":{"0":{"start":{"line":1,"column":41},"end":{"line":1,"column":61}},"1":{"start":{"line":4,"column":18},"end":{"line":4,"column":47}},"2":{"start":{"line":5,"column":8},"end":{"line":35,"column":9}},"3":{"start":{"line":6,"column":34},"end":{"line":6,"column":42}},"4":{"start":{"line":9,"column":12},"end":{"line":12,"column":13}},"5":{"start":{"line":11,"column":16},"end":{"line":11,"column":71}},"6":{"start":{"line":15,"column":28},"end":{"line":15,"column":69}},"7":{"start":{"line":18,"column":12},"end":{"line":20,"column":13}},"8":{"start":{"line":19,"column":16},"end":{"line":19,"column":83}},"9":{"start":{"line":22,"column":32},"end":{"line":25,"column":34}},"10":{"start":{"line":28,"column":12},"end":{"line":28,"column":29}},"11":{"start":{"line":30,"column":12},"end":{"line":30,"column":86}},"12":{"start":{"line":33,"column":12},"end":{"line":33,"column":30}},"13":{"start":{"line":34,"column":12},"end":{"line":34,"column":86}},"14":{"start":{"line":43,"column":0},"end":{"line":43,"column":37}}},"fnMap":{"0":{"name":"(anonymous_0)","decl":{"start":{"line":3,"column":4},"end":{"line":3,"column":5}},"loc":{"start":{"line":3,"column":39},"end":{"line":38,"column":5}},"line":3}},"branchMap":{"0":{"loc":{"start":{"line":9,"column":12},"end":{"line":12,"column":13}},"type":"if","locations":[{"start":{"line":9,"column":12},"end":{"line":12,"column":13}},{"start":{},"end":{}}],"line":9},"1":{"loc":{"start":{"line":18,"column":12},"end":{"line":20,"column":13}},"type":"if","locations":[{"start":{"line":18,"column":12},"end":{"line":20,"column":13}},{"start":{},"end":{}}],"line":18}},"s":{"0":1,"1":4,"2":4,"3":4,"4":4,"5":1,"6":3,"7":2,"8":1,"9":1,"10":1,"11":1,"12":2,"13":2,"14":1},"f":{"0":4},"b":{"0":[1,3],"1":[1,1]},"_coverageSchema":"1a1c01bbd47fc00a2c39e90264f33305004495a9","hash":"a1fa81eb0928d468b90d97d2e2c3f908eb93d2bc"}
,"/Users/rvzadrian/Documents/BNI Bootcamp/W3/backend-ex-w3/models/index.js": {"path":"/Users/rvzadrian/Documents/BNI Bootcamp/W3/backend-ex-w3/models/index.js","statementMap":{"0":{"start":{"line":3,"column":11},"end":{"line":3,"column":24}},"1":{"start":{"line":4,"column":13},"end":{"line":4,"column":28}},"2":{"start":{"line":5,"column":18},"end":{"line":5,"column":38}},"3":{"start":{"line":6,"column":16},"end":{"line":6,"column":34}},"4":{"start":{"line":7,"column":17},"end":{"line":7,"column":42}},"5":{"start":{"line":8,"column":12},"end":{"line":8,"column":49}},"6":{"start":{"line":9,"column":15},"end":{"line":9,"column":65}},"7":{"start":{"line":10,"column":11},"end":{"line":10,"column":13}},"8":{"start":{"line":13,"column":0},"end":{"line":17,"column":1}},"9":{"start":{"line":14,"column":2},"end":{"line":14,"column":74}},"10":{"start":{"line":16,"column":2},"end":{"line":16,"column":87}},"11":{"start":{"line":19,"column":0},"end":{"line":32,"column":5}},"12":{"start":{"line":22,"column":4},"end":{"line":27,"column":6}},"13":{"start":{"line":30,"column":18},"end":{"line":30,"column":85}},"14":{"start":{"line":31,"column":4},"end":{"line":31,"column":27}},"15":{"start":{"line":34,"column":0},"end":{"line":38,"column":3}},"16":{"start":{"line":35,"column":2},"end":{"line":37,"column":3}},"17":{"start":{"line":36,"column":4},"end":{"line":36,"column":32}},"18":{"start":{"line":40,"column":0},"end":{"line":40,"column":25}},"19":{"start":{"line":41,"column":0},"end":{"line":41,"column":25}},"20":{"start":{"line":43,"column":0},"end":{"line":43,"column":20}}},"fnMap":{"0":{"name":"(anonymous_0)","decl":{"start":{"line":21,"column":10},"end":{"line":21,"column":11}},"loc":{"start":{"line":21,"column":18},"end":{"line":28,"column":3}},"line":21},"1":{"name":"(anonymous_1)","decl":{"start":{"line":29,"column":11},"end":{"line":29,"column":12}},"loc":{"start":{"line":29,"column":19},"end":{"line":32,"column":3}},"line":29},"2":{"name":"(anonymous_2)","decl":{"start":{"line":34,"column":24},"end":{"line":34,"column":25}},"loc":{"start":{"line":34,"column":37},"end":{"line":38,"column":1}},"line":34}},"branchMap":{"0":{"loc":{"start":{"line":8,"column":12},"end":{"line":8,"column":49}},"type":"binary-expr","locations":[{"start":{"line":8,"column":12},"end":{"line":8,"column":32}},{"start":{"line":8,"column":36},"end":{"line":8,"column":49}}],"line":8},"1":{"loc":{"start":{"line":13,"column":0},"end":{"line":17,"column":1}},"type":"if","locations":[{"start":{"line":13,"column":0},"end":{"line":17,"column":1}},{"start":{"line":15,"column":7},"end":{"line":17,"column":1}}],"line":13},"2":{"loc":{"start":{"line":23,"column":6},"end":{"line":26,"column":37}},"type":"binary-expr","locations":[{"start":{"line":23,"column":6},"end":{"line":23,"column":29}},{"start":{"line":24,"column":6},"end":{"line":24,"column":23}},{"start":{"line":25,"column":6},"end":{"line":25,"column":30}},{"start":{"line":26,"column":6},"end":{"line":26,"column":37}}],"line":23},"3":{"loc":{"start":{"line":35,"column":2},"end":{"line":37,"column":3}},"type":"if","locations":[{"start":{"line":35,"column":2},"end":{"line":37,"column":3}},{"start":{},"end":{}}],"line":35}},"s":{"0":2,"1":2,"2":2,"3":2,"4":2,"5":2,"6":2,"7":2,"8":2,"9":0,"10":2,"11":2,"12":8,"13":6,"14":6,"15":2,"16":6,"17":6,"18":2,"19":2,"20":2},"f":{"0":8,"1":6,"2":6},"b":{"0":[2,0],"1":[0,2],"2":[8,8,6,6],"3":[6,0]},"_coverageSchema":"1a1c01bbd47fc00a2c39e90264f33305004495a9","hash":"920efc2a86e7716f4445b7cc7b804cdb00da6a43"}
,"/Users/rvzadrian/Documents/BNI Bootcamp/W3/backend-ex-w3/models/product.js": {"path":"/Users/rvzadrian/Documents/BNI Bootcamp/W3/backend-ex-w3/models/product.js","statementMap":{"0":{"start":{"line":4,"column":4},"end":{"line":4,"column":24}},"1":{"start":{"line":5,"column":0},"end":{"line":30,"column":2}},"2":{"start":{"line":14,"column":6},"end":{"line":18,"column":9}},"3":{"start":{"line":22,"column":2},"end":{"line":28,"column":5}},"4":{"start":{"line":29,"column":2},"end":{"line":29,"column":17}}},"fnMap":{"0":{"name":"(anonymous_0)","decl":{"start":{"line":5,"column":17},"end":{"line":5,"column":18}},"loc":{"start":{"line":5,"column":43},"end":{"line":30,"column":1}},"line":5},"1":{"name":"(anonymous_1)","decl":{"start":{"line":12,"column":4},"end":{"line":12,"column":5}},"loc":{"start":{"line":12,"column":29},"end":{"line":20,"column":5}},"line":12}},"branchMap":{},"s":{"0":2,"1":2,"2":2,"3":2,"4":2},"f":{"0":2,"1":2},"b":{},"_coverageSchema":"1a1c01bbd47fc00a2c39e90264f33305004495a9","hash":"c925c7f7edb5af15c09f825a759b5cec6a490f12"}
,"/Users/rvzadrian/Documents/BNI Bootcamp/W3/backend-ex-w3/models/purchase.js": {"path":"/Users/rvzadrian/Documents/BNI Bootcamp/W3/backend-ex-w3/models/purchase.js","statementMap":{"0":{"start":{"line":4,"column":4},"end":{"line":4,"column":24}},"1":{"start":{"line":5,"column":0},"end":{"line":32,"column":2}},"2":{"start":{"line":14,"column":6},"end":{"line":16,"column":9}},"3":{"start":{"line":18,"column":6},"end":{"line":20,"column":9}},"4":{"start":{"line":24,"column":2},"end":{"line":30,"column":5}},"5":{"start":{"line":31,"column":2},"end":{"line":31,"column":18}}},"fnMap":{"0":{"name":"(anonymous_0)","decl":{"start":{"line":5,"column":17},"end":{"line":5,"column":18}},"loc":{"start":{"line":5,"column":43},"end":{"line":32,"column":1}},"line":5},"1":{"name":"(anonymous_1)","decl":{"start":{"line":12,"column":4},"end":{"line":12,"column":5}},"loc":{"start":{"line":12,"column":29},"end":{"line":22,"column":5}},"line":12}},"branchMap":{},"s":{"0":2,"1":2,"2":2,"3":2,"4":2,"5":2},"f":{"0":2,"1":2},"b":{},"_coverageSchema":"1a1c01bbd47fc00a2c39e90264f33305004495a9","hash":"82474cb6488605853f21d96c207642bed7a5b008"}
,"/Users/rvzadrian/Documents/BNI Bootcamp/W3/backend-ex-w3/models/user.js": {"path":"/Users/rvzadrian/Documents/BNI Bootcamp/W3/backend-ex-w3/models/user.js","statementMap":{"0":{"start":{"line":4,"column":4},"end":{"line":4,"column":24}},"1":{"start":{"line":5,"column":0},"end":{"line":31,"column":2}},"2":{"start":{"line":14,"column":6},"end":{"line":18,"column":8}},"3":{"start":{"line":21,"column":2},"end":{"line":29,"column":5}},"4":{"start":{"line":30,"column":2},"end":{"line":30,"column":14}}},"fnMap":{"0":{"name":"(anonymous_0)","decl":{"start":{"line":5,"column":17},"end":{"line":5,"column":18}},"loc":{"start":{"line":5,"column":43},"end":{"line":31,"column":1}},"line":5},"1":{"name":"(anonymous_1)","decl":{"start":{"line":12,"column":4},"end":{"line":12,"column":5}},"loc":{"start":{"line":12,"column":29},"end":{"line":19,"column":5}},"line":12}},"branchMap":{},"s":{"0":2,"1":2,"2":2,"3":2,"4":2},"f":{"0":2,"1":2},"b":{},"_coverageSchema":"1a1c01bbd47fc00a2c39e90264f33305004495a9","hash":"8038da5f405ca3fb89bb19990f14593d704238f7"}
}
